Arguments: 
  /Users/eazzylee/.nvm/versions/node/v14.21.1/bin/node /Users/eazzylee/Documents/Projects/.yarn/releases/yarn-1.22.19.cjs install

PATH: 
  /Users/eazzylee/.npm/_npx/22894/bin:/Users/eazzylee/.rvm/gems/ruby-2.7.5/bin:/Users/eazzylee/.rvm/gems/ruby-2.7.5@global/bin:/Users/eazzylee/.rvm/rubies/ruby-2.7.5/bin:/opt/homebrew/lib/ruby/gems/3.1.0/bin:/opt/homebrew/opt/ruby/bin:/Users/eazzylee/.nvm/versions/node/v14.21.1/bin:/Library/Frameworks/Python.framework/Versions/2.7/bin:/opt/homebrew/bin:/opt/homebrew/sbin:/usr/local/bin:/usr/bin:/bin:/usr/sbin:/sbin:/Library/Apple/usr/bin:/Users/eazzylee/.rvm/bin

Yarn version: 
  1.22.19

Node version: 
  14.21.1

Platform: 
  darwin arm64

Trace: 
  Error: https://registry.yarnpkg.com/typescript: ESOCKETTIMEDOUT
      at ClientRequest.<anonymous> (/Users/eazzylee/Documents/Projects/.yarn/releases/yarn-1.22.19.cjs:135924:19)
      at Object.onceWrapper (events.js:519:28)
      at ClientRequest.emit (events.js:400:28)
      at TLSSocket.emitRequestTimeout (_http_client.js:790:9)
      at Object.onceWrapper (events.js:519:28)
      at TLSSocket.emit (events.js:412:35)
      at TLSSocket.Socket._onTimeout (net.js:495:8)
      at listOnTimeout (internal/timers.js:557:17)
      at processTimers (internal/timers.js:500:7)

npm manifest: 
  {
    "name": "webbee-inventory",
    "version": "1.0.0",
    "scripts": {
      "start": "expo start",
      "android": "expo start --android",
      "ios": "expo start --ios",
      "web": "expo start --web",
      "test": "jest --watchAll"
    },
    "jest": {
      "preset": "jest-expo"
    },
    "dependencies": {
      "@expo/vector-icons": "^13.0.0",
      "@react-navigation/native": "^6.0.2",
      "expo": "~48.0.5",
      "expo-font": "~11.1.1",
      "expo-linking": "~4.0.1",
      "expo-splash-screen": "~0.18.1",
      "expo-status-bar": "~1.4.4",
      "expo-system-ui": "~2.2.1",
      "expo-web-browser": "~12.1.1",
      "expo-router": "^1.0.0-rc5",
      "react": "18.2.0",
      "react-dom": "18.2.0",
      "react-native": "0.71.3",
      "react-native-safe-area-context": "4.5.0",
      "react-native-screens": "~3.20.0",
      "react-native-web": "~0.18.10"
    },
    "devDependencies": {
      "@babel/core": "^7.20.0",
      "@types/react": "~18.0.14",
      "jest": "^29.2.1",
      "jest-expo": "~48.0.0",
      "react-test-renderer": "18.2.0",
      "typescript": "^4.9.4"
    },
    "private": true
  }

yarn manifest: 
  No manifest

Lockfile: 
  No lockfile
